
> investkaro-ui@0.0.0 start
> ng serve --host 127.0.0.1 --port 4200

Browser bundles        
Initial chunk files     | Names               |  Raw size
styles.css              | styles              | 274.76 kB | 
main.js                 | main                | 258.33 kB | 
polyfills.js            | polyfills           |  88.09 kB | 

                        | Initial total       | 621.17 kB


Server bundles         
Initial chunk files     | Names               |  Raw size
chunk-JIFF4G7X.mjs      | -                   |   1.71 MB | 
main.server.mjs         | main.server         | 629.61 kB | 
polyfills.server.mjs    | polyfills.server    | 559.49 kB | 
chunk-VPSODEBW.mjs      | -                   |   2.51 kB | 
render-utils.server.mjs | render-utils.server | 423 bytes | 

Lazy chunk files        | Names               |  Raw size
chunk-P3UOPGAK.mjs      | xhr2                |  39.09 kB | 

Application bundle generation complete. [72.537 seconds]

Watch mode enabled. Watching for file changes...
  ➜  Local:   http://127.0.0.1:4200/
